2026-04-20 22:21:33 - PreprocessPipeline - INFO - ======================================================================
2026-04-20 22:21:33 - PreprocessPipeline - INFO - RETAIL SALES FORECASTING - PREPROCESSING PIPELINE
2026-04-20 22:21:33 - PreprocessPipeline - INFO - ======================================================================
2026-04-20 22:21:33 - PreprocessPipeline - INFO - Raw data directory: data/raw
2026-04-20 22:21:33 - PreprocessPipeline - INFO - Output directory: data/processed
2026-04-20 22:21:33 - PreprocessPipeline - INFO - ======================================================================
2026-04-20 22:21:33 - PreprocessPipeline - INFO - ======================================================================
2026-04-20 22:21:33 - PreprocessPipeline - INFO - LOADING RAW DATA
2026-04-20 22:21:33 - PreprocessPipeline - INFO - ======================================================================
2026-04-20 22:21:33 - PreprocessPipeline - INFO - Loading train.csv...
--- Logging error ---
Traceback (most recent call last):
  File "C:\Users\MONTAHA\anaconda3\Lib\logging\__init__.py", line 1163, in emit
    stream.write(msg + self.terminator)
  File "C:\Users\MONTAHA\anaconda3\Lib\encodings\cp1252.py", line 19, in encode
    return codecs.charmap_encode(input,self.errors,encoding_table)[0]
           ^^^^^^^^^^^^^^^^^^^^^^^^^^^^^^^^^^^^^^^^^^^^^^^^^^^^^^^
UnicodeEncodeError: 'charmap' codec can't encode character '\u2713' in position 52: character maps to <undefined>
Call stack:
  File "C:\Users\MONTAHA\Desktop\Ai\forecasting-ml-system\preprocess_pipeline.py", line 663, in <module>
    run_preprocessing_pipeline()
  File "C:\Users\MONTAHA\Desktop\Ai\forecasting-ml-system\preprocess_pipeline.py", line 628, in run_preprocessing_pipeline
    data = load_raw_data(raw_dir)
  File "C:\Users\MONTAHA\Desktop\Ai\forecasting-ml-system\preprocess_pipeline.py", line 81, in load_raw_data
    logger.info(f"  \u2713 Train shape: {data['train'].shape}")
Message: '  \u2713 Train shape: (3000888, 6)'
Arguments: ()
2026-04-20 22:21:36 - PreprocessPipeline - INFO - Loading stores.csv...
--- Logging error ---
Traceback (most recent call last):
  File "C:\Users\MONTAHA\anaconda3\Lib\logging\__init__.py", line 1163, in emit
    stream.write(msg + self.terminator)
  File "C:\Users\MONTAHA\anaconda3\Lib\encodings\cp1252.py", line 19, in encode
    return codecs.charmap_encode(input,self.errors,encoding_table)[0]
           ^^^^^^^^^^^^^^^^^^^^^^^^^^^^^^^^^^^^^^^^^^^^^^^^^^^^^^^
UnicodeEncodeError: 'charmap' codec can't encode character '\u2713' in position 52: character maps to <undefined>
Call stack:
  File "C:\Users\MONTAHA\Desktop\Ai\forecasting-ml-system\preprocess_pipeline.py", line 663, in <module>
    run_preprocessing_pipeline()
  File "C:\Users\MONTAHA\Desktop\Ai\forecasting-ml-system\preprocess_pipeline.py", line 628, in run_preprocessing_pipeline
    data = load_raw_data(raw_dir)
  File "C:\Users\MONTAHA\Desktop\Ai\forecasting-ml-system\preprocess_pipeline.py", line 89, in load_raw_data
    logger.info(f"  \u2713 Stores shape: {data['stores'].shape}")
Message: '  \u2713 Stores shape: (54, 5)'
Arguments: ()
2026-04-20 22:21:36 - PreprocessPipeline - INFO - Loading oil.csv...
--- Logging error ---
Traceback (most recent call last):
  File "C:\Users\MONTAHA\anaconda3\Lib\logging\__init__.py", line 1163, in emit
    stream.write(msg + self.terminator)
  File "C:\Users\MONTAHA\anaconda3\Lib\encodings\cp1252.py", line 19, in encode
    return codecs.charmap_encode(input,self.errors,encoding_table)[0]
           ^^^^^^^^^^^^^^^^^^^^^^^^^^^^^^^^^^^^^^^^^^^^^^^^^^^^^^^
UnicodeEncodeError: 'charmap' codec can't encode character '\u2713' in position 52: character maps to <undefined>
Call stack:
  File "C:\Users\MONTAHA\Desktop\Ai\forecasting-ml-system\preprocess_pipeline.py", line 663, in <module>
    run_preprocessing_pipeline()
  File "C:\Users\MONTAHA\Desktop\Ai\forecasting-ml-system\preprocess_pipeline.py", line 628, in run_preprocessing_pipeline
    data = load_raw_data(raw_dir)
  File "C:\Users\MONTAHA\Desktop\Ai\forecasting-ml-system\preprocess_pipeline.py", line 97, in load_raw_data
    logger.info(f"  \u2713 Oil shape: {data['oil'].shape}")
Message: '  \u2713 Oil shape: (1218, 2)'
Arguments: ()
2026-04-20 22:21:36 - PreprocessPipeline - INFO - Loading holidays_events.csv...
--- Logging error ---
Traceback (most recent call last):
  File "C:\Users\MONTAHA\anaconda3\Lib\logging\__init__.py", line 1163, in emit
    stream.write(msg + self.terminator)
  File "C:\Users\MONTAHA\anaconda3\Lib\encodings\cp1252.py", line 19, in encode
    return codecs.charmap_encode(input,self.errors,encoding_table)[0]
           ^^^^^^^^^^^^^^^^^^^^^^^^^^^^^^^^^^^^^^^^^^^^^^^^^^^^^^^
UnicodeEncodeError: 'charmap' codec can't encode character '\u2713' in position 52: character maps to <undefined>
Call stack:
  File "C:\Users\MONTAHA\Desktop\Ai\forecasting-ml-system\preprocess_pipeline.py", line 663, in <module>
    run_preprocessing_pipeline()
  File "C:\Users\MONTAHA\Desktop\Ai\forecasting-ml-system\preprocess_pipeline.py", line 628, in run_preprocessing_pipeline
    data = load_raw_data(raw_dir)
  File "C:\Users\MONTAHA\Desktop\Ai\forecasting-ml-system\preprocess_pipeline.py", line 105, in load_raw_data
    logger.info(f"  \u2713 Holidays shape: {data['holidays'].shape}")
Message: '  \u2713 Holidays shape: (350, 6)'
Arguments: ()
2026-04-20 22:21:36 - PreprocessPipeline - INFO - Loading transactions.csv...
--- Logging error ---
Traceback (most recent call last):
  File "C:\Users\MONTAHA\anaconda3\Lib\logging\__init__.py", line 1163, in emit
    stream.write(msg + self.terminator)
  File "C:\Users\MONTAHA\anaconda3\Lib\encodings\cp1252.py", line 19, in encode
    return codecs.charmap_encode(input,self.errors,encoding_table)[0]
           ^^^^^^^^^^^^^^^^^^^^^^^^^^^^^^^^^^^^^^^^^^^^^^^^^^^^^^^
UnicodeEncodeError: 'charmap' codec can't encode character '\u2713' in position 52: character maps to <undefined>
Call stack:
  File "C:\Users\MONTAHA\Desktop\Ai\forecasting-ml-system\preprocess_pipeline.py", line 663, in <module>
    run_preprocessing_pipeline()
  File "C:\Users\MONTAHA\Desktop\Ai\forecasting-ml-system\preprocess_pipeline.py", line 628, in run_preprocessing_pipeline
    data = load_raw_data(raw_dir)
  File "C:\Users\MONTAHA\Desktop\Ai\forecasting-ml-system\preprocess_pipeline.py", line 115, in load_raw_data
    logger.info(f"  \u2713 Transactions shape: {data['transactions'].shape}")
Message: '  \u2713 Transactions shape: (83488, 3)'
Arguments: ()
2026-04-20 22:21:36 - PreprocessPipeline - INFO - ======================================================================
2026-04-20 22:21:36 - PreprocessPipeline - INFO - MERGING DATASETS
2026-04-20 22:21:36 - PreprocessPipeline - INFO - ======================================================================
2026-04-20 22:21:36 - PreprocessPipeline - INFO - Starting with train: (3000888, 6)
2026-04-20 22:21:36 - PreprocessPipeline - INFO - Merging stores on store_nbr...
--- Logging error ---
Traceback (most recent call last):
  File "C:\Users\MONTAHA\anaconda3\Lib\logging\__init__.py", line 1163, in emit
    stream.write(msg + self.terminator)
  File "C:\Users\MONTAHA\anaconda3\Lib\encodings\cp1252.py", line 19, in encode
    return codecs.charmap_encode(input,self.errors,encoding_table)[0]
           ^^^^^^^^^^^^^^^^^^^^^^^^^^^^^^^^^^^^^^^^^^^^^^^^^^^^^^^
UnicodeEncodeError: 'charmap' codec can't encode character '\u2713' in position 52: character maps to <undefined>
Call stack:
  File "C:\Users\MONTAHA\Desktop\Ai\forecasting-ml-system\preprocess_pipeline.py", line 663, in <module>
    run_preprocessing_pipeline()
  File "C:\Users\MONTAHA\Desktop\Ai\forecasting-ml-system\preprocess_pipeline.py", line 629, in run_preprocessing_pipeline
    merged_df = merge_datasets(data)
  File "C:\Users\MONTAHA\Desktop\Ai\forecasting-ml-system\preprocess_pipeline.py", line 151, in merge_datasets
    logger.info(f"  \u2713 After stores: {df.shape}")
Message: '  \u2713 After stores: (3000888, 10)'
Arguments: ()
2026-04-20 22:21:37 - PreprocessPipeline - INFO - Merging oil on date...
--- Logging error ---
Traceback (most recent call last):
  File "C:\Users\MONTAHA\anaconda3\Lib\logging\__init__.py", line 1163, in emit
    stream.write(msg + self.terminator)
  File "C:\Users\MONTAHA\anaconda3\Lib\encodings\cp1252.py", line 19, in encode
    return codecs.charmap_encode(input,self.errors,encoding_table)[0]
           ^^^^^^^^^^^^^^^^^^^^^^^^^^^^^^^^^^^^^^^^^^^^^^^^^^^^^^^
UnicodeEncodeError: 'charmap' codec can't encode character '\u2713' in position 52: character maps to <undefined>
Call stack:
  File "C:\Users\MONTAHA\Desktop\Ai\forecasting-ml-system\preprocess_pipeline.py", line 663, in <module>
    run_preprocessing_pipeline()
  File "C:\Users\MONTAHA\Desktop\Ai\forecasting-ml-system\preprocess_pipeline.py", line 629, in run_preprocessing_pipeline
    merged_df = merge_datasets(data)
  File "C:\Users\MONTAHA\Desktop\Ai\forecasting-ml-system\preprocess_pipeline.py", line 156, in merge_datasets
    logger.info(f"  \u2713 After oil: {df.shape}")
Message: '  \u2713 After oil: (3000888, 11)'
Arguments: ()
2026-04-20 22:21:38 - PreprocessPipeline - INFO - Merging transactions on date and store_nbr...
--- Logging error ---
Traceback (most recent call last):
  File "C:\Users\MONTAHA\anaconda3\Lib\logging\__init__.py", line 1163, in emit
    stream.write(msg + self.terminator)
  File "C:\Users\MONTAHA\anaconda3\Lib\encodings\cp1252.py", line 19, in encode
    return codecs.charmap_encode(input,self.errors,encoding_table)[0]
           ^^^^^^^^^^^^^^^^^^^^^^^^^^^^^^^^^^^^^^^^^^^^^^^^^^^^^^^
UnicodeEncodeError: 'charmap' codec can't encode character '\u2713' in position 52: character maps to <undefined>
Call stack:
  File "C:\Users\MONTAHA\Desktop\Ai\forecasting-ml-system\preprocess_pipeline.py", line 663, in <module>
    run_preprocessing_pipeline()
  File "C:\Users\MONTAHA\Desktop\Ai\forecasting-ml-system\preprocess_pipeline.py", line 629, in run_preprocessing_pipeline
    merged_df = merge_datasets(data)
  File "C:\Users\MONTAHA\Desktop\Ai\forecasting-ml-system\preprocess_pipeline.py", line 163, in merge_datasets
    logger.info(f"  \u2713 After transactions: {df.shape}")
Message: '  \u2713 After transactions: (3000888, 12)'
Arguments: ()
2026-04-20 22:21:39 - PreprocessPipeline - INFO - Merging holidays on date...
--- Logging error ---
Traceback (most recent call last):
  File "C:\Users\MONTAHA\anaconda3\Lib\logging\__init__.py", line 1163, in emit
    stream.write(msg + self.terminator)
  File "C:\Users\MONTAHA\anaconda3\Lib\encodings\cp1252.py", line 19, in encode
    return codecs.charmap_encode(input,self.errors,encoding_table)[0]
           ^^^^^^^^^^^^^^^^^^^^^^^^^^^^^^^^^^^^^^^^^^^^^^^^^^^^^^^
UnicodeEncodeError: 'charmap' codec can't encode character '\u2713' in position 52: character maps to <undefined>
Call stack:
  File "C:\Users\MONTAHA\Desktop\Ai\forecasting-ml-system\preprocess_pipeline.py", line 663, in <module>
    run_preprocessing_pipeline()
  File "C:\Users\MONTAHA\Desktop\Ai\forecasting-ml-system\preprocess_pipeline.py", line 629, in run_preprocessing_pipeline
    merged_df = merge_datasets(data)
  File "C:\Users\MONTAHA\Desktop\Ai\forecasting-ml-system\preprocess_pipeline.py", line 170, in merge_datasets
    logger.info(f"  \u2713 After holidays: {df.shape}")
Message: '  \u2713 After holidays: (3054348, 16)'
Arguments: ()
--- Logging error ---
Traceback (most recent call last):
  File "C:\Users\MONTAHA\anaconda3\Lib\logging\__init__.py", line 1163, in emit
    stream.write(msg + self.terminator)
  File "C:\Users\MONTAHA\anaconda3\Lib\encodings\cp1252.py", line 19, in encode
    return codecs.charmap_encode(input,self.errors,encoding_table)[0]
           ^^^^^^^^^^^^^^^^^^^^^^^^^^^^^^^^^^^^^^^^^^^^^^^^^^^^^^^
UnicodeEncodeError: 'charmap' codec can't encode character '\u2713' in position 50: character maps to <undefined>
Call stack:
  File "C:\Users\MONTAHA\Desktop\Ai\forecasting-ml-system\preprocess_pipeline.py", line 663, in <module>
    run_preprocessing_pipeline()
  File "C:\Users\MONTAHA\Desktop\Ai\forecasting-ml-system\preprocess_pipeline.py", line 629, in run_preprocessing_pipeline
    merged_df = merge_datasets(data)
  File "C:\Users\MONTAHA\Desktop\Ai\forecasting-ml-system\preprocess_pipeline.py", line 172, in merge_datasets
    logger.info("\u2713 All datasets merged successfully")
Message: '\u2713 All datasets merged successfully'
Arguments: ()
2026-04-20 22:21:41 - PreprocessPipeline - INFO - ======================================================================
2026-04-20 22:21:41 - PreprocessPipeline - INFO - PREPROCESSING DATA
2026-04-20 22:21:41 - PreprocessPipeline - INFO - ======================================================================
2026-04-20 22:21:42 - PreprocessPipeline - INFO - Initial shape: (3054348, 16)
2026-04-20 22:21:43 - PreprocessPipeline - INFO - Initial nulls:
id                    0
date                  0
store_nbr             0
family                0
sales                 0
onpromotion           0
city                  0
state                 0
type_x                0
cluster               0
dcoilwtico       955152
transactions     249117
type_y          2551824
locale          2551824
locale_name     2551824
transferred     2551824
dtype: int64
2026-04-20 22:21:43 - PreprocessPipeline - INFO - Converting date to datetime...
--- Logging error ---
Traceback (most recent call last):
  File "C:\Users\MONTAHA\anaconda3\Lib\logging\__init__.py", line 1163, in emit
    stream.write(msg + self.terminator)
  File "C:\Users\MONTAHA\anaconda3\Lib\encodings\cp1252.py", line 19, in encode
    return codecs.charmap_encode(input,self.errors,encoding_table)[0]
           ^^^^^^^^^^^^^^^^^^^^^^^^^^^^^^^^^^^^^^^^^^^^^^^^^^^^^^^
UnicodeEncodeError: 'charmap' codec can't encode character '\u2713' in position 52: character maps to <undefined>
Call stack:
  File "C:\Users\MONTAHA\Desktop\Ai\forecasting-ml-system\preprocess_pipeline.py", line 663, in <module>
    run_preprocessing_pipeline()
  File "C:\Users\MONTAHA\Desktop\Ai\forecasting-ml-system\preprocess_pipeline.py", line 632, in run_preprocessing_pipeline
    clean_df = preprocess_data(merged_df)
  File "C:\Users\MONTAHA\Desktop\Ai\forecasting-ml-system\preprocess_pipeline.py", line 214, in preprocess_data
    logger.info(f"  \u2713 Date range: {df['date'].min()} to {df['date'].max()}")
Message: '  \u2713 Date range: 2013-01-01 00:00:00 to 2017-08-15 00:00:00'
Arguments: ()
2026-04-20 22:21:43 - PreprocessPipeline - INFO - Removing duplicates...
--- Logging error ---
Traceback (most recent call last):
  File "C:\Users\MONTAHA\anaconda3\Lib\logging\__init__.py", line 1163, in emit
    stream.write(msg + self.terminator)
  File "C:\Users\MONTAHA\anaconda3\Lib\encodings\cp1252.py", line 19, in encode
    return codecs.charmap_encode(input,self.errors,encoding_table)[0]
           ^^^^^^^^^^^^^^^^^^^^^^^^^^^^^^^^^^^^^^^^^^^^^^^^^^^^^^^
UnicodeEncodeError: 'charmap' codec can't encode character '\u2713' in position 52: character maps to <undefined>
Call stack:
  File "C:\Users\MONTAHA\Desktop\Ai\forecasting-ml-system\preprocess_pipeline.py", line 663, in <module>
    run_preprocessing_pipeline()
  File "C:\Users\MONTAHA\Desktop\Ai\forecasting-ml-system\preprocess_pipeline.py", line 632, in run_preprocessing_pipeline
    clean_df = preprocess_data(merged_df)
  File "C:\Users\MONTAHA\Desktop\Ai\forecasting-ml-system\preprocess_pipeline.py", line 221, in preprocess_data
    logger.info(f"  \u2713 Removed {removed_dups} duplicate rows")
Message: '  \u2713 Removed 53460 duplicate rows'
Arguments: ()
2026-04-20 22:21:45 - PreprocessPipeline - INFO - Filling missing oil prices...
2026-04-20 22:21:45 - PreprocessPipeline - INFO -   Missing oil values: 928422
--- Logging error ---
Traceback (most recent call last):
  File "C:\Users\MONTAHA\anaconda3\Lib\logging\__init__.py", line 1163, in emit
    stream.write(msg + self.terminator)
  File "C:\Users\MONTAHA\anaconda3\Lib\encodings\cp1252.py", line 19, in encode
    return codecs.charmap_encode(input,self.errors,encoding_table)[0]
           ^^^^^^^^^^^^^^^^^^^^^^^^^^^^^^^^^^^^^^^^^^^^^^^^^^^^^^^
UnicodeEncodeError: 'charmap' codec can't encode character '\u2713' in position 52: character maps to <undefined>
Call stack:
  File "C:\Users\MONTAHA\Desktop\Ai\forecasting-ml-system\preprocess_pipeline.py", line 663, in <module>
    run_preprocessing_pipeline()
  File "C:\Users\MONTAHA\Desktop\Ai\forecasting-ml-system\preprocess_pipeline.py", line 632, in run_preprocessing_pipeline
    clean_df = preprocess_data(merged_df)
  File "C:\Users\MONTAHA\Desktop\Ai\forecasting-ml-system\preprocess_pipeline.py", line 233, in preprocess_data
    logger.info(f"  \u2713 Remaining missing oil: {remaining_oil}")
Message: '  \u2713 Remaining missing oil: 0'
Arguments: ()
2026-04-20 22:21:46 - PreprocessPipeline - INFO - Filling missing transactions...
2026-04-20 22:21:46 - PreprocessPipeline - INFO -   Missing transaction values: 245784
2026-04-20 22:21:47 - PreprocessPipeline - INFO -   Store median transactions shape: (54,)
2026-04-20 22:21:47 - PreprocessPipeline - INFO -   Global median: 1393.00
--- Logging error ---
Traceback (most recent call last):
  File "C:\Users\MONTAHA\anaconda3\Lib\logging\__init__.py", line 1163, in emit
    stream.write(msg + self.terminator)
  File "C:\Users\MONTAHA\anaconda3\Lib\encodings\cp1252.py", line 19, in encode
    return codecs.charmap_encode(input,self.errors,encoding_table)[0]
           ^^^^^^^^^^^^^^^^^^^^^^^^^^^^^^^^^^^^^^^^^^^^^^^^^^^^^^^
UnicodeEncodeError: 'charmap' codec can't encode character '\u2713' in position 52: character maps to <undefined>
Call stack:
  File "C:\Users\MONTAHA\Desktop\Ai\forecasting-ml-system\preprocess_pipeline.py", line 663, in <module>
    run_preprocessing_pipeline()
  File "C:\Users\MONTAHA\Desktop\Ai\forecasting-ml-system\preprocess_pipeline.py", line 632, in run_preprocessing_pipeline
    clean_df = preprocess_data(merged_df)
  File "C:\Users\MONTAHA\Desktop\Ai\forecasting-ml-system\preprocess_pipeline.py", line 255, in preprocess_data
    logger.info(f"  \u2713 Remaining missing transactions: {remaining_trans}")
Message: '  \u2713 Remaining missing transactions: 0'
Arguments: ()
2026-04-20 22:21:47 - PreprocessPipeline - INFO - Filling missing holiday indicators...
--- Logging error ---
Traceback (most recent call last):
  File "C:\Users\MONTAHA\anaconda3\Lib\logging\__init__.py", line 1163, in emit
    stream.write(msg + self.terminator)
  File "C:\Users\MONTAHA\anaconda3\Lib\encodings\cp1252.py", line 19, in encode
    return codecs.charmap_encode(input,self.errors,encoding_table)[0]
           ^^^^^^^^^^^^^^^^^^^^^^^^^^^^^^^^^^^^^^^^^^^^^^^^^^^^^^^
UnicodeEncodeError: 'charmap' codec can't encode character '\u2713' in position 52: character maps to <undefined>
Call stack:
  File "C:\Users\MONTAHA\Desktop\Ai\forecasting-ml-system\preprocess_pipeline.py", line 663, in <module>
    run_preprocessing_pipeline()
  File "C:\Users\MONTAHA\Desktop\Ai\forecasting-ml-system\preprocess_pipeline.py", line 632, in run_preprocessing_pipeline
    clean_df = preprocess_data(merged_df)
  File "C:\Users\MONTAHA\Desktop\Ai\forecasting-ml-system\preprocess_pipeline.py", line 271, in preprocess_data
    logger.info(f"  \u2713 Filled {col}: {missing_count} \u2192 'No Holiday'")
Message: "  \u2713 Filled locale: 2551824 \u2192 'No Holiday'"
Arguments: ()
--- Logging error ---
Traceback (most recent call last):
  File "C:\Users\MONTAHA\anaconda3\Lib\logging\__init__.py", line 1163, in emit
    stream.write(msg + self.terminator)
  File "C:\Users\MONTAHA\anaconda3\Lib\encodings\cp1252.py", line 19, in encode
    return codecs.charmap_encode(input,self.errors,encoding_table)[0]
           ^^^^^^^^^^^^^^^^^^^^^^^^^^^^^^^^^^^^^^^^^^^^^^^^^^^^^^^
UnicodeEncodeError: 'charmap' codec can't encode character '\u2713' in position 52: character maps to <undefined>
Call stack:
  File "C:\Users\MONTAHA\Desktop\Ai\forecasting-ml-system\preprocess_pipeline.py", line 663, in <module>
    run_preprocessing_pipeline()
  File "C:\Users\MONTAHA\Desktop\Ai\forecasting-ml-system\preprocess_pipeline.py", line 632, in run_preprocessing_pipeline
    clean_df = preprocess_data(merged_df)
  File "C:\Users\MONTAHA\Desktop\Ai\forecasting-ml-system\preprocess_pipeline.py", line 271, in preprocess_data
    logger.info(f"  \u2713 Filled {col}: {missing_count} \u2192 'No Holiday'")
Message: "  \u2713 Filled locale_name: 2551824 \u2192 'No Holiday'"
Arguments: ()
C:\Users\MONTAHA\Desktop\Ai\forecasting-ml-system\preprocess_pipeline.py:267: FutureWarning: Downcasting object dtype arrays on .fillna, .ffill, .bfill is deprecated and will change in a future version. Call result.infer_objects(copy=False) instead. To opt-in to the future behavior, set `pd.set_option('future.no_silent_downcasting', True)`
  df[col] = df[col].fillna(False)
--- Logging error ---
Traceback (most recent call last):
  File "C:\Users\MONTAHA\anaconda3\Lib\logging\__init__.py", line 1163, in emit
    stream.write(msg + self.terminator)
  File "C:\Users\MONTAHA\anaconda3\Lib\encodings\cp1252.py", line 19, in encode
    return codecs.charmap_encode(input,self.errors,encoding_table)[0]
           ^^^^^^^^^^^^^^^^^^^^^^^^^^^^^^^^^^^^^^^^^^^^^^^^^^^^^^^
UnicodeEncodeError: 'charmap' codec can't encode character '\u2713' in position 52: character maps to <undefined>
Call stack:
  File "C:\Users\MONTAHA\Desktop\Ai\forecasting-ml-system\preprocess_pipeline.py", line 663, in <module>
    run_preprocessing_pipeline()
  File "C:\Users\MONTAHA\Desktop\Ai\forecasting-ml-system\preprocess_pipeline.py", line 632, in run_preprocessing_pipeline
    clean_df = preprocess_data(merged_df)
  File "C:\Users\MONTAHA\Desktop\Ai\forecasting-ml-system\preprocess_pipeline.py", line 268, in preprocess_data
    logger.info(f"  \u2713 Filled {col}: {missing_count} \u2192 False")
Message: '  \u2713 Filled transferred: 2551824 \u2192 False'
Arguments: ()
2026-04-20 22:21:48 - PreprocessPipeline - INFO - Handling remaining nulls...
2026-04-20 22:21:50 - PreprocessPipeline - INFO -   Remaining nulls: {'type_y': 2551824}
2026-04-20 22:21:50 - PreprocessPipeline - INFO - Sorting by date, store_nbr, family...
--- Logging error ---
Traceback (most recent call last):
  File "C:\Users\MONTAHA\anaconda3\Lib\logging\__init__.py", line 1163, in emit
    stream.write(msg + self.terminator)
  File "C:\Users\MONTAHA\anaconda3\Lib\encodings\cp1252.py", line 19, in encode
    return codecs.charmap_encode(input,self.errors,encoding_table)[0]
           ^^^^^^^^^^^^^^^^^^^^^^^^^^^^^^^^^^^^^^^^^^^^^^^^^^^^^^^
UnicodeEncodeError: 'charmap' codec can't encode character '\u2713' in position 52: character maps to <undefined>
Call stack:
  File "C:\Users\MONTAHA\Desktop\Ai\forecasting-ml-system\preprocess_pipeline.py", line 663, in <module>
    run_preprocessing_pipeline()
  File "C:\Users\MONTAHA\Desktop\Ai\forecasting-ml-system\preprocess_pipeline.py", line 632, in run_preprocessing_pipeline
    clean_df = preprocess_data(merged_df)
  File "C:\Users\MONTAHA\Desktop\Ai\forecasting-ml-system\preprocess_pipeline.py", line 293, in preprocess_data
    logger.info(f"  \u2713 Final sorted shape: {df.shape}")
Message: '  \u2713 Final sorted shape: (3000888, 16)'
Arguments: ()
2026-04-20 22:21:53 - PreprocessPipeline - INFO - Removing id column...
2026-04-20 22:21:54 - PreprocessPipeline - INFO - Final shape: (3000888, 15)
2026-04-20 22:21:54 - PreprocessPipeline - INFO - Final columns: ['date', 'store_nbr', 'family', 'sales', 'onpromotion', 'city', 'state', 'type_x', 'cluster', 'dcoilwtico', 'transactions', 'type_y', 'locale', 'locale_name', 'transferred']
2026-04-20 22:21:55 - PreprocessPipeline - INFO - Final nulls: 0
2026-04-20 22:21:55 - PreprocessPipeline - INFO - ======================================================================
2026-04-20 22:21:55 - PreprocessPipeline - INFO - ENGINEERING FEATURES
2026-04-20 22:21:55 - PreprocessPipeline - INFO - ======================================================================
2026-04-20 22:21:56 - PreprocessPipeline - INFO - Creating temporal features...
--- Logging error ---
Traceback (most recent call last):
  File "C:\Users\MONTAHA\anaconda3\Lib\logging\__init__.py", line 1163, in emit
    stream.write(msg + self.terminator)
  File "C:\Users\MONTAHA\anaconda3\Lib\encodings\cp1252.py", line 19, in encode
    return codecs.charmap_encode(input,self.errors,encoding_table)[0]
           ^^^^^^^^^^^^^^^^^^^^^^^^^^^^^^^^^^^^^^^^^^^^^^^^^^^^^^^
UnicodeEncodeError: 'charmap' codec can't encode character '\u2713' in position 52: character maps to <undefined>
Call stack:
  File "C:\Users\MONTAHA\Desktop\Ai\forecasting-ml-system\preprocess_pipeline.py", line 663, in <module>
    run_preprocessing_pipeline()
  File "C:\Users\MONTAHA\Desktop\Ai\forecasting-ml-system\preprocess_pipeline.py", line 635, in run_preprocessing_pipeline
    featured_df = engineer_features(clean_df)
  File "C:\Users\MONTAHA\Desktop\Ai\forecasting-ml-system\preprocess_pipeline.py", line 413, in engineer_features
    logger.info("  \u2713 Temporal features created")
Message: '  \u2713 Temporal features created'
Arguments: ()
2026-04-20 22:21:56 - PreprocessPipeline - INFO - Creating store-family features...
--- Logging error ---
Traceback (most recent call last):
  File "C:\Users\MONTAHA\anaconda3\Lib\logging\__init__.py", line 1163, in emit
    stream.write(msg + self.terminator)
  File "C:\Users\MONTAHA\anaconda3\Lib\encodings\cp1252.py", line 19, in encode
    return codecs.charmap_encode(input,self.errors,encoding_table)[0]
           ^^^^^^^^^^^^^^^^^^^^^^^^^^^^^^^^^^^^^^^^^^^^^^^^^^^^^^^
UnicodeEncodeError: 'charmap' codec can't encode character '\u2713' in position 52: character maps to <undefined>
Call stack:
  File "C:\Users\MONTAHA\Desktop\Ai\forecasting-ml-system\preprocess_pipeline.py", line 663, in <module>
    run_preprocessing_pipeline()
  File "C:\Users\MONTAHA\Desktop\Ai\forecasting-ml-system\preprocess_pipeline.py", line 635, in run_preprocessing_pipeline
    featured_df = engineer_features(clean_df)
  File "C:\Users\MONTAHA\Desktop\Ai\forecasting-ml-system\preprocess_pipeline.py", line 418, in engineer_features
    logger.info("  \u2713 Store-family features created")
Message: '  \u2713 Store-family features created'
Arguments: ()
2026-04-20 22:21:57 - PreprocessPipeline - INFO - Creating holiday features...
2026-04-20 22:21:57 - PreprocessPipeline - ERROR - ======================================================================
--- Logging error ---
Traceback (most recent call last):
  File "C:\Users\MONTAHA\anaconda3\Lib\site-packages\pandas\core\indexes\base.py", line 3812, in get_loc
    return self._engine.get_loc(casted_key)
           ^^^^^^^^^^^^^^^^^^^^^^^^^^^^^^^^
  File "pandas/_libs/index.pyx", line 167, in pandas._libs.index.IndexEngine.get_loc
  File "pandas/_libs/index.pyx", line 196, in pandas._libs.index.IndexEngine.get_loc
  File "pandas/_libs/hashtable_class_helper.pxi", line 7088, in pandas._libs.hashtable.PyObjectHashTable.get_item
  File "pandas/_libs/hashtable_class_helper.pxi", line 7096, in pandas._libs.hashtable.PyObjectHashTable.get_item
KeyError: 'type'

The above exception was the direct cause of the following exception:

Traceback (most recent call last):
  File "C:\Users\MONTAHA\Desktop\Ai\forecasting-ml-system\preprocess_pipeline.py", line 635, in run_preprocessing_pipeline
    featured_df = engineer_features(clean_df)
                  ^^^^^^^^^^^^^^^^^^^^^^^^^^^
  File "C:\Users\MONTAHA\Desktop\Ai\forecasting-ml-system\preprocess_pipeline.py", line 422, in engineer_features
    df["is_holiday"] = (~df["type"].isna() & (df["type"] != "No Holiday")).astype(int)
                         ~~^^^^^^^^
  File "C:\Users\MONTAHA\anaconda3\Lib\site-packages\pandas\core\frame.py", line 4113, in __getitem__
    indexer = self.columns.get_loc(key)
              ^^^^^^^^^^^^^^^^^^^^^^^^^
  File "C:\Users\MONTAHA\anaconda3\Lib\site-packages\pandas\core\indexes\base.py", line 3819, in get_loc
    raise KeyError(key) from err
KeyError: 'type'

During handling of the above exception, another exception occurred:

Traceback (most recent call last):
  File "C:\Users\MONTAHA\anaconda3\Lib\logging\__init__.py", line 1163, in emit
    stream.write(msg + self.terminator)
  File "C:\Users\MONTAHA\anaconda3\Lib\encodings\cp1252.py", line 19, in encode
    return codecs.charmap_encode(input,self.errors,encoding_table)[0]
           ^^^^^^^^^^^^^^^^^^^^^^^^^^^^^^^^^^^^^^^^^^^^^^^^^^^^^^^
UnicodeEncodeError: 'charmap' codec can't encode character '\u2717' in position 51: character maps to <undefined>
Call stack:
  File "C:\Users\MONTAHA\Desktop\Ai\forecasting-ml-system\preprocess_pipeline.py", line 663, in <module>
    run_preprocessing_pipeline()
  File "C:\Users\MONTAHA\Desktop\Ai\forecasting-ml-system\preprocess_pipeline.py", line 657, in run_preprocessing_pipeline
    logger.error(f"\u2717 PIPELINE FAILED: {str(e)}")
Message: "\u2717 PIPELINE FAILED: 'type'"
Arguments: ()
2026-04-20 22:21:57 - PreprocessPipeline - ERROR - ======================================================================
Traceback (most recent call last):
  File "C:\Users\MONTAHA\anaconda3\Lib\site-packages\pandas\core\indexes\base.py", line 3812, in get_loc
    return self._engine.get_loc(casted_key)
           ^^^^^^^^^^^^^^^^^^^^^^^^^^^^^^^^
  File "pandas/_libs/index.pyx", line 167, in pandas._libs.index.IndexEngine.get_loc
  File "pandas/_libs/index.pyx", line 196, in pandas._libs.index.IndexEngine.get_loc
  File "pandas/_libs/hashtable_class_helper.pxi", line 7088, in pandas._libs.hashtable.PyObjectHashTable.get_item
  File "pandas/_libs/hashtable_class_helper.pxi", line 7096, in pandas._libs.hashtable.PyObjectHashTable.get_item
KeyError: 'type'

The above exception was the direct cause of the following exception:

Traceback (most recent call last):
  File "C:\Users\MONTAHA\Desktop\Ai\forecasting-ml-system\preprocess_pipeline.py", line 663, in <module>
    run_preprocessing_pipeline()
  File "C:\Users\MONTAHA\Desktop\Ai\forecasting-ml-system\preprocess_pipeline.py", line 635, in run_preprocessing_pipeline
    featured_df = engineer_features(clean_df)
                  ^^^^^^^^^^^^^^^^^^^^^^^^^^^
  File "C:\Users\MONTAHA\Desktop\Ai\forecasting-ml-system\preprocess_pipeline.py", line 422, in engineer_features
    df["is_holiday"] = (~df["type"].isna() & (df["type"] != "No Holiday")).astype(int)
                         ~~^^^^^^^^
  File "C:\Users\MONTAHA\anaconda3\Lib\site-packages\pandas\core\frame.py", line 4113, in __getitem__
    indexer = self.columns.get_loc(key)
              ^^^^^^^^^^^^^^^^^^^^^^^^^
  File "C:\Users\MONTAHA\anaconda3\Lib\site-packages\pandas\core\indexes\base.py", line 3819, in get_loc
    raise KeyError(key) from err
KeyError: 'type'
